<?xml version="1.0" encoding="UTF-8"?>
<testsuite xmlns:xsi="http://www.w3.org/2001/XMLSchema-instance" xsi:noNamespaceSchemaLocation="https://maven.apache.org/surefire/maven-surefire-plugin/xsd/surefire-test-report-3.0.xsd" version="3.0" name="org.example.TestNgTests.SmokeAndRegressionTests" time="0.336" tests="4" errors="0" skipped="0" failures="0">
  <properties>
    <property name="sun.desktop" value="windows"/>
    <property name="awt.toolkit" value="sun.awt.windows.WToolkit"/>
    <property name="java.specification.version" value="11"/>
    <property name="sun.cpu.isalist" value="amd64"/>
    <property name="sun.jnu.encoding" value="Cp1252"/>
    <property name="java.class.path" value="C:\Users\Rahul_Sharma7\IdeaProjects\TestNGMavenHomeTask2and3\target\test-classes;C:\Users\Rahul_Sharma7\IdeaProjects\TestNGMavenHomeTask2and3\target\classes;C:\Users\Rahul_Sharma7\.m2\repository\org\testng\testng\7.5\testng-7.5.jar;C:\Users\Rahul_Sharma7\.m2\repository\com\google\code\findbugs\jsr305\3.0.1\jsr305-3.0.1.jar;C:\Users\Rahul_Sharma7\.m2\repository\org\slf4j\slf4j-api\1.7.32\slf4j-api-1.7.32.jar;C:\Users\Rahul_Sharma7\.m2\repository\com\beust\jcommander\1.78\jcommander-1.78.jar;C:\Users\Rahul_Sharma7\.m2\repository\org\webjars\jquery\3.5.1\jquery-3.5.1.jar;"/>
    <property name="java.vm.vendor" value="Oracle Corporation"/>
    <property name="sun.arch.data.model" value="64"/>
    <property name="user.variant" value=""/>
    <property name="java.vendor.url" value="https://openjdk.java.net/"/>
    <property name="user.timezone" value="Asia/Calcutta"/>
    <property name="java.vm.specification.version" value="11"/>
    <property name="os.name" value="Windows 10"/>
    <property name="sun.java.launcher" value="SUN_STANDARD"/>
    <property name="user.country" value="US"/>
    <property name="sun.boot.library.path" value="C:\Program Files\Java\jdk-11.0.15.1\bin"/>
    <property name="sun.java.command" value="C:\Users\Rahul_Sharma7\AppData\Local\Temp\surefire16266210945984508837\surefirebooter14188089166374327629.jar C:\Users\Rahul_Sharma7\AppData\Local\Temp\surefire16266210945984508837 2022-06-07T21-05-21_378-jvmRun1 surefire11632149724806732315tmp surefire_07991779574309571927tmp"/>
    <property name="jdk.debug" value="release"/>
    <property name="surefire.test.class.path" value="C:\Users\Rahul_Sharma7\IdeaProjects\TestNGMavenHomeTask2and3\target\test-classes;C:\Users\Rahul_Sharma7\IdeaProjects\TestNGMavenHomeTask2and3\target\classes;C:\Users\Rahul_Sharma7\.m2\repository\org\testng\testng\7.5\testng-7.5.jar;C:\Users\Rahul_Sharma7\.m2\repository\com\google\code\findbugs\jsr305\3.0.1\jsr305-3.0.1.jar;C:\Users\Rahul_Sharma7\.m2\repository\org\slf4j\slf4j-api\1.7.32\slf4j-api-1.7.32.jar;C:\Users\Rahul_Sharma7\.m2\repository\com\beust\jcommander\1.78\jcommander-1.78.jar;C:\Users\Rahul_Sharma7\.m2\repository\org\webjars\jquery\3.5.1\jquery-3.5.1.jar;"/>
    <property name="sun.cpu.endian" value="little"/>
    <property name="user.home" value="C:\Users\Rahul_Sharma7"/>
    <property name="user.language" value="en"/>
    <property name="java.specification.vendor" value="Oracle Corporation"/>
    <property name="java.version.date" value="2022-04-22"/>
    <property name="java.home" value="C:\Program Files\Java\jdk-11.0.15.1"/>
    <property name="file.separator" value="\"/>
    <property name="basedir" value="C:\Users\Rahul_Sharma7\IdeaProjects\TestNGMavenHomeTask2and3"/>
    <property name="java.vm.compressedOopsMode" value="Zero based"/>
    <property name="line.separator" value="&#10;"/>
    <property name="java.specification.name" value="Java Platform API Specification"/>
    <property name="java.vm.specification.vendor" value="Oracle Corporation"/>
    <property name="java.awt.graphicsenv" value="sun.awt.Win32GraphicsEnvironment"/>
    <property name="surefire.real.class.path" value="C:\Users\Rahul_Sharma7\AppData\Local\Temp\surefire16266210945984508837\surefirebooter14188089166374327629.jar"/>
    <property name="user.script" value=""/>
    <property name="sun.management.compiler" value="HotSpot 64-Bit Tiered Compilers"/>
    <property name="java.runtime.version" value="11.0.15.1+2-LTS-10"/>
    <property name="user.name" value="Rahul_Sharma7"/>
    <property name="path.separator" value=";"/>
    <property name="os.version" value="10.0"/>
    <property name="java.runtime.name" value="Java(TM) SE Runtime Environment"/>
    <property name="file.encoding" value="Cp1252"/>
    <property name="java.vm.name" value="Java HotSpot(TM) 64-Bit Server VM"/>
    <property name="java.vendor.version" value="18.9"/>
    <property name="localRepository" value="C:\Users\Rahul_Sharma7\.m2\repository"/>
    <property name="java.vendor.url.bug" value="https://bugreport.java.com/bugreport/"/>
    <property name="java.io.tmpdir" value="C:\Users\RAHUL_~1\AppData\Local\Temp\"/>
    <property name="java.version" value="11.0.15.1"/>
    <property name="user.dir" value="C:\Users\Rahul_Sharma7\IdeaProjects\TestNGMavenHomeTask2and3"/>
    <property name="os.arch" value="amd64"/>
    <property name="java.vm.specification.name" value="Java Virtual Machine Specification"/>
    <property name="java.awt.printerjob" value="sun.awt.windows.WPrinterJob"/>
    <property name="sun.os.patch.level" value=""/>
    <property name="java.library.path" value="C:\Program Files\Java\jdk-11.0.15.1\bin;C:\Windows\Sun\Java\bin;C:\Windows\system32;C:\Windows;C:\Program Files\Common Files\Oracle\Java\javapath;C:\Windows\system32;C:\Windows;C:\Windows\System32\Wbem;C:\Windows\System32\WindowsPowerShell\v1.0\;C:\Windows\System32\OpenSSH\;C:\Program Files\dotnet\;C:\Program Files\Java\jdk-11.0.15.1\bin;C:\apache-maven-3.8.5\bin;C:\Program Files\Git\cmd;C:\Users\Rahul_Sharma7\AppData\Local\Microsoft\WindowsApps;;."/>
    <property name="java.vendor" value="Oracle Corporation"/>
    <property name="java.vm.info" value="mixed mode"/>
    <property name="java.vm.version" value="11.0.15.1+2-LTS-10"/>
    <property name="sun.io.unicode.encoding" value="UnicodeLittle"/>
    <property name="java.class.version" value="55.0"/>
  </properties>
  <testcase name="test1" classname="org.example.TestNgTests.SmokeAndRegressionTests" time="0.001">
    <system-out><![CDATA[This is test 1
]]></system-out>
    <system-err><![CDATA[SLF4J: Failed to load class "org.slf4j.impl.StaticLoggerBinder".
SLF4J: Defaulting to no-operation (NOP) logger implementation
SLF4J: See http://www.slf4j.org/codes.html#StaticLoggerBinder for further details.
]]></system-err>
  </testcase>
  <testcase name="test2" classname="org.example.TestNgTests.SmokeAndRegressionTests" time="0.001">
    <system-out><![CDATA[This is test 2
]]></system-out>
  </testcase>
  <testcase name="test3" classname="org.example.TestNgTests.SmokeAndRegressionTests" time="0">
    <system-out><![CDATA[This is test 3
]]></system-out>
  </testcase>
  <testcase name="test4" classname="org.example.TestNgTests.SmokeAndRegressionTests" time="0">
    <system-out><![CDATA[This is test 4
]]></system-out>
  </testcase>
</testsuite>