<?xml version="1.0" encoding="UTF-8"?>
<!-- Generated by org.testng.reporters.JUnitReportReporter -->
<testsuite hostname="EPINGUGW0218" failures="0" tests="4" name="org.example.TestNgTests.SmokeAndRegressionTests" time="0.003" errors="0" timestamp="2022-06-07T21:05:22 IST" skipped="0">
  <testcase classname="org.example.TestNgTests.SmokeAndRegressionTests" name="test4" time="0.000"/>
  <system-out/>
  <testcase classname="org.example.TestNgTests.SmokeAndRegressionTests" name="test1" time="0.003"/>
  <system-out/>
  <testcase classname="org.example.TestNgTests.SmokeAndRegressionTests" name="test2" time="0.000"/>
  <system-out/>
  <testcase classname="org.example.TestNgTests.SmokeAndRegressionTests" name="test3" time="0.000"/>
  <system-out/>
</testsuite> <!-- org.example.TestNgTests.SmokeAndRegressionTests -->
